FILE_TYPE=LIBRARY_PARTS;
PRIMITIVE '742792651','742792651_Ferrite Bead Chip';
  PIN
    '1':
      PIN_NUMBER='(1)';
      NO_LOAD_CHECK=BOTH;
      NO_IO_CHECK=BOTH;
      ALLOW_CONNECT=TRUE;
      PINUSE='UNSPEC';
    '2':
      PIN_NUMBER='(2)';
      NO_LOAD_CHECK=BOTH;
      NO_IO_CHECK=BOTH;
      ALLOW_CONNECT=TRUE;
      PINUSE='UNSPEC';
  END_PIN;
  BODY
    PART_NAME='742792651';
    PHYS_DES_PREFIX='FB';
    NO_LOAD_CHECK='TRUE';
    PIN_COUNT='2';
    BODY_NAME='742792651';
    JEDEC_TYPE='BEADC1608X100N';
  END_BODY;
END_PRIMITIVE;
END.
